app/build/outputs/logs/manifest-merger-release-report.txt
-- Merging decision tree log ---
manifest
ADDED from src\main\AndroidManifest.xml:2:1-50:12
	package
		ADDED from src\main\AndroidManifest.xml:3:5-53
		INJECTED from src\main\AndroidManifest.xml
		INJECTED from src\main\AndroidManifest.xml
	android:versionName
		INJECTED from src\main\AndroidManifest.xml
		INJECTED from src\main\AndroidManifest.xml
	xmlns:android
		ADDED from src\main\AndroidManifest.xml:2:11-69
	android:versionCode
		INJECTED from src\main\AndroidManifest.xml
		INJECTED from src\main\AndroidManifest.xml
uses-permission#ru.vodnouho.android.yourday.cp.READ
ADDED from src\main\AndroidManifest.xml:4:5-74
	android:name
		ADDED from src\main\AndroidManifest.xml:4:22-72
uses-permission#android.permission.INTERNET
ADDED from src\main\AndroidManifest.xml:5:5-66
	android:name
		ADDED from src\main\AndroidManifest.xml:5:22-64
uses-permission#android.permission.ACCESS_NETWORK_STATE
ADDED from src\main\AndroidManifest.xml:6:5-78
	android:name
		ADDED from src\main\AndroidManifest.xml:6:22-76
application
ADDED from src\main\AndroidManifest.xml:9:5-47:19
MERGED from [com.android.support:appcompat-v7:23.1.1] AndroidManifest.xml:22:5-20
MERGED from [com.android.support:support-v4:23.1.1] AndroidManifest.xml:22:5-20
MERGED from [com.android.volley:volley:1.0.0] AndroidManifest.xml:9:5-20
	android:label
		ADDED from src\main\AndroidManifest.xml:11:9-41
	android:icon
		ADDED from src\main\AndroidManifest.xml:11:42-76
	android:theme
		ADDED from src\main\AndroidManifest.xml:12:9-40
activity#ru.vodnouho.android.atthisdaywidgetapp.SettingsActivity
ADDED from src\main\AndroidManifest.xml:18:9-25:20
	android:label
		ADDED from src\main\AndroidManifest.xml:20:13-45
	android:icon
		ADDED from src\main\AndroidManifest.xml:20:46-80
	android:name
		ADDED from src\main\AndroidManifest.xml:19:13-83
intent-filter#android.appwidget.action.APPWIDGET_CONFIGURE
ADDED from src\main\AndroidManifest.xml:21:13-24:29
action#android.appwidget.action.APPWIDGET_CONFIGURE
ADDED from src\main\AndroidManifest.xml:22:17-87
	android:name
		ADDED from src\main\AndroidManifest.xml:22:25-84
receiver#ru.vodnouho.android.atthisdaywidgetapp.OTDWidgetProvider
ADDED from src\main\AndroidManifest.xml:26:9-39:20
	android:label
		ADDED from src\main\AndroidManifest.xml:28:13-45
	android:name
		ADDED from src\main\AndroidManifest.xml:29:13-46
intent-filter#android.appwidget.action.APPWIDGET_UPDATE+ru.vodnouho.android.atthisdaywidgetapp.ACTION_IMAGE_LOADED+ru.vodnouho.android.atthisdaywidgetapp.ACTION_NO_DATA
ADDED from src\main\AndroidManifest.xml:33:13-37:29
action#android.appwidget.action.APPWIDGET_UPDATE
ADDED from src\main\AndroidManifest.xml:34:17-83
	android:name
		ADDED from src\main\AndroidManifest.xml:34:25-81
action#ru.vodnouho.android.atthisdaywidgetapp.ACTION_IMAGE_LOADED
ADDED from src\main\AndroidManifest.xml:35:17-100
	android:name
		ADDED from src\main\AndroidManifest.xml:35:25-98
action#ru.vodnouho.android.atthisdaywidgetapp.ACTION_NO_DATA
ADDED from src\main\AndroidManifest.xml:36:17-95
	android:name
		ADDED from src\main\AndroidManifest.xml:36:25-93
meta-data#android.appwidget.provider
ADDED from src\main\AndroidManifest.xml:38:13-108
	android:resource
		ADDED from src\main\AndroidManifest.xml:38:67-106
	android:name
		ADDED from src\main\AndroidManifest.xml:38:25-66
receiver#ru.vodnouho.android.atthisdaywidgetapp.ATDAppWidgetService$CategoryListRemoteViewsFactory
ADDED from src\main\AndroidManifest.xml:40:9-44:20
	android:name
		ADDED from src\main\AndroidManifest.xml:40:19-85
intent-filter#android.net.conn.CONNECTIVITY_CHANGE
ADDED from src\main\AndroidManifest.xml:41:13-43:29
action#android.net.conn.CONNECTIVITY_CHANGE
ADDED from src\main\AndroidManifest.xml:42:17-79
	android:name
		ADDED from src\main\AndroidManifest.xml:42:25-76
service#ru.vodnouho.android.atthisdaywidgetapp.ATDAppWidgetService
ADDED from src\main\AndroidManifest.xml:45:9-46:71
	android:permission
		ADDED from src\main\AndroidManifest.xml:46:13-69
	android:name
		ADDED from src\main\AndroidManifest.xml:45:18-91
uses-sdk
INJECTED from src\main\AndroidManifest.xml reason: use-sdk injection requested
MERGED from [com.android.support:appcompat-v7:23.1.1] AndroidManifest.xml:20:5-43
MERGED from [com.android.support:support-v4:23.1.1] AndroidManifest.xml:20:5-43
MERGED from [com.android.volley:volley:1.0.0] AndroidManifest.xml:7:5-43
	android:targetSdkVersion
		INJECTED from src\main\AndroidManifest.xml
		INJECTED from src\main\AndroidManifest.xml
	android:minSdkVersion
		INJECTED from src\main\AndroidManifest.xml
		INJECTED from src\main\AndroidManifest.xml